Build started 5/29/2012 3:49:00 PM.
     1>Project "C:\Users\SmartMindx\Desktop\hmmmm\C++\SkeletalViewer\SkeletalViewer.vcxproj" on node 2 (build target(s)).
     1>InitializeBuildStatus:
         Creating "Debug\SkeletalViewer.unsuccessfulbuild" because "AlwaysCreate" was specified.
       ClCompile:
         All outputs are up-to-date.
         C:\Program Files (x86)\Microsoft Visual Studio 10.0\VC\bin\CL.exe /c /ZI /nologo /W3 /WX- /Od /Oy- /D WIN32 /D _DEBUG /D _WINDOWS /D _UNICODE /D UNICODE /Gm /EHsc /RTC1 /MTd /GS /fp:precise /Zc:wchar_t /Zc:forScope /Fo"Debug\\" /Fd"Debug\vc100.pdb" /Gd /TP /analyze- /errorReport:prompt SkeletalViewer.cpp
         SkeletalViewer.cpp
     1>c:\users\smartmindx\desktop\hmmmm\c++\skeletalviewer\skeletalviewer.cpp(979): warning C4996: '_itoa': This function or variable may be unsafe. Consider using _itoa_s instead. To disable deprecation, use _CRT_SECURE_NO_WARNINGS. See online help for details.
                 c:\program files (x86)\microsoft visual studio 10.0\vc\include\stdlib.h(451) : see declaration of '_itoa'
     1>c:\users\smartmindx\desktop\hmmmm\c++\skeletalviewer\skeletalviewer.cpp(982): warning C4996: '_itoa': This function or variable may be unsafe. Consider using _itoa_s instead. To disable deprecation, use _CRT_SECURE_NO_WARNINGS. See online help for details.
                 c:\program files (x86)\microsoft visual studio 10.0\vc\include\stdlib.h(451) : see declaration of '_itoa'
     1>c:\users\smartmindx\desktop\hmmmm\c++\skeletalviewer\skeletalviewer.cpp(985): warning C4996: '_itoa': This function or variable may be unsafe. Consider using _itoa_s instead. To disable deprecation, use _CRT_SECURE_NO_WARNINGS. See online help for details.
                 c:\program files (x86)\microsoft visual studio 10.0\vc\include\stdlib.h(451) : see declaration of '_itoa'
       ResourceCompile:
         All outputs are up-to-date.
       ManifestResourceCompile:
         All outputs are up-to-date.
       Link:
         C:\Program Files (x86)\Microsoft Visual Studio 10.0\VC\bin\link.exe /ERRORREPORT:PROMPT /OUT:"C:\Users\SmartMindx\Desktop\hmmmm\C++\SkeletalViewer\Debug\SkeletalViewer.exe" /INCREMENTAL /NOLOGO kernel32.lib user32.lib gdi32.lib gdiplus.lib winspool.lib comdlg32.lib advapi32.lib shell32.lib ole32.lib oleaut32.lib uuid.lib odbc32.lib odbccp32.lib Kinect10.lib kernel32.lib user32.lib gdi32.lib winspool.lib comdlg32.lib advapi32.lib shell32.lib ole32.lib oleaut32.lib uuid.lib odbc32.lib odbccp32.lib /MANIFEST /ManifestFile:"Debug\SkeletalViewer.exe.intermediate.manifest" /MANIFESTUAC:"level='asInvoker' uiAccess='false'" /DEBUG /PDB:"C:\Users\SmartMindx\Desktop\hmmmm\C++\SkeletalViewer\Debug\SkeletalViewer.pdb" /SUBSYSTEM:WINDOWS /STACK:"10000000","10000000" /TLBID:1 /DYNAMICBASE /NXCOMPAT /IMPLIB:"C:\Users\SmartMindx\Desktop\hmmmm\C++\SkeletalViewer\Debug\SkeletalViewer.lib" /MACHINE:X86 Debug\SkeletalViewer.res
         Debug\SkeletalViewer.exe.embed.manifest.res
         Debug\DrawDevice.obj
         Debug\NuiImpl.obj
         Debug\SkeletalViewer.obj
         Debug\stdafx.obj
         Debug\tga.obj
       Manifest:
         C:\Program Files (x86)\Microsoft SDKs\Windows\v7.0A\bin\mt.exe /nologo /verbose /out:"Debug\SkeletalViewer.exe.embed.manifest" /manifest Debug\SkeletalViewer.exe.intermediate.manifest
         All outputs are up-to-date.
       LinkEmbedManifest:
         All outputs are up-to-date.
         SkeletalViewer.vcxproj -> C:\Users\SmartMindx\Desktop\hmmmm\C++\SkeletalViewer\Debug\SkeletalViewer.exe
       FinalizeBuildStatus:
         Deleting file "Debug\SkeletalViewer.unsuccessfulbuild".
         Touching "Debug\SkeletalViewer.lastbuildstate".
     1>Done Building Project "C:\Users\SmartMindx\Desktop\hmmmm\C++\SkeletalViewer\SkeletalViewer.vcxproj" (build target(s)).

Build succeeded.

Time Elapsed 00:00:02.54
